[35m[Appium][39m Welcome to Appium v1.22.3
[35m[Appium][39m Non-default server args:
[35m[Appium][39m   port: 54730
[35m[Appium][39m   loglevel: info
[35m[Appium][39m   tmpDir: C:\Users\User\AppData\Local\Temp\\Katalon\Appium\Temp1695192122836
[35m[Appium][39m   chromedriverPort: 54731
[35m[Appium][39m Deprecated server args:
[35m[Appium][39m   [31m--chromedriver-port[39m => --default-capabilities
[35m[Appium][39m Default capabilities, which will be added to each request unless overridden by desired capabilities:
[35m[Appium][39m   chromedriverPort: 54731
[35m[Appium][39m Appium REST http interface listener started on 0.0.0.0:54730
[35m[HTTP][39m [37m-->[39m [37mGET[39m [37m/wd/hub/status[39m
[35m[HTTP][39m [90m{}[39m
[35m[HTTP][39m [37m<-- GET /wd/hub/status [39m[32m200[39m [90m122 ms - 68[39m
[35m[HTTP][39m [90m[39m
[35m[HTTP][39m [37m-->[39m [37mGET[39m [37m/wd/hub/status[39m
[35m[HTTP][39m [90m{}[39m
[35m[HTTP][39m [37m<-- GET /wd/hub/status [39m[32m200[39m [90m2 ms - 68[39m
[35m[HTTP][39m [90m[39m
[35m[HTTP][39m [37m-->[39m [37mPOST[39m [37m/wd/hub/session[39m
[35m[HTTP][39m [90m{"desiredCapabilities":{"appActivity":".Settings","appPackage":"com.android.settings","newCommandTimeout":1800,"platformVersion":"11","automationName":"uiautomator2","autoGrantPermissions":true,"platformName":"Android","udid":"ea94d14d","deviceName":"Xiaomi M2101K6G (Android 11)","platform":"ANDROID","systemPort":8297},"capabilities":{"firstMatch":[{"appium:appActivity":".Settings","appium:appPackage":"com.android.settings","appium:autoGrantPermissions":true,"appium:automationName":"uiautomator2","appium:deviceName":"Xiaomi M2101K6G (Android 11)","appium:newCommandTimeout":1800,"platform":"ANDROID","platformName":"android","appium:platformVersion":"11","appium:systemPort":8297,"appium:udid":"ea94d14d"}]}}[39m
[35m[BaseDriver][39m The following capabilities are not standard capabilities and should have an extension prefix:
[35m[BaseDriver][39m   platform
[35m[BaseDriver][39m   chromedriverPort
[35m[Appium][39m Appium v1.22.3 creating new AndroidUiautomator2Driver (v1.70.1) session
[35m[BaseDriver][39m The following capabilities were provided, but are not recognized by Appium:
[35m[BaseDriver][39m   platform
[35m[BaseDriver][39m Session created with session id: a4f56f2b-0057-4144-9a37-7b3e26e1c805
[35m[UiAutomator2][39m Starting 'com.android.settings' directly on the device
[35m[ADB][39m Found 1 'build-tools' folders under 'C:\Users\User\.katalon\tools\android_sdk' (newest first):
[35m[ADB][39m     C:/Users/User/.katalon/tools/android_sdk/build-tools/29.0.3
[35m[ADB][39m Using 'adb.exe' from 'C:\Users\User\.katalon\tools\android_sdk\platform-tools\adb.exe'
[35m[AndroidDriver][39m Retrieving device list
[35m[AndroidDriver][39m Using device: ea94d14d
[35m[ADB][39m Using 'adb.exe' from 'C:\Users\User\.katalon\tools\android_sdk\platform-tools\adb.exe'
[35m[ADB][39m Getting device platform version
[35m[UiAutomator2][39m Relaxing hidden api policy
[35m[AndroidDriver][39m No app sent in, not parsing package/activity
[35m[ADB][39m Using 'apksigner.jar' from 'C:\Users\User\.katalon\tools\android_sdk\build-tools\29.0.3\lib\apksigner.jar'
[35m[ADB][39m 'C:\Users\User\AppData\Roaming\npm\node_modules\appium\node_modules\appium-uiautomator2-server\apks\appium-uiautomator2-server-v4.27.0.apk' is signed with the default certificate
[35m[ADB][39m 'C:\Users\User\AppData\Roaming\npm\node_modules\appium\node_modules\appium-uiautomator2-server\apks\appium-uiautomator2-server-debug-androidTest.apk' is signed with the default certificate
[35m[UiAutomator2][39m Server packages are not going to be (re)installed
[35m[ADB][39m Adding packages ["io.appium.settings","io.appium.uiautomator2.server","io.appium.uiautomator2.server.test"] to Doze whitelist
[35m[UiAutomator2][39m Starting UIAutomator2 server 4.27.0
[35m[UiAutomator2][39m Using UIAutomator2 server from 'C:\Users\User\AppData\Roaming\npm\node_modules\appium\node_modules\appium-uiautomator2-server\apks\appium-uiautomator2-server-v4.27.0.apk' and test from 'C:\Users\User\AppData\Roaming\npm\node_modules\appium\node_modules\appium-uiautomator2-server\apks\appium-uiautomator2-server-debug-androidTest.apk'
[35m[UiAutomator2][39m Waiting up to 30000ms for UiAutomator2 to be online...
[35m[WD Proxy][39m socket hang up
[35m[WD Proxy][39m socket hang up
[35m[WD Proxy][39m socket hang up
[35m[WD Proxy][39m socket hang up
[35m[WD Proxy][39m Determined the downstream protocol as 'W3C'
[35m[AndroidDriver][39m Screen already unlocked, doing nothing
[35m[UiAutomator2][39m Starting 'com.android.settings/.Settings and waiting for 'com.android.settings/.Settings'
[35m[Appium][39m New AndroidUiautomator2Driver session created successfully, session a4f56f2b-0057-4144-9a37-7b3e26e1c805 added to master session list
[35m[HTTP][39m [37m<-- POST /wd/hub/session [39m[32m200[39m [90m19115 ms - 1143[39m
[35m[HTTP][39m [90m[39m
[35m[HTTP][39m [37m-->[39m [37mGET[39m [37m/wd/hub/session/a4f56f2b-0057-4144-9a37-7b3e26e1c805[39m
[35m[HTTP][39m [90m{}[39m
[35m[HTTP][39m [37m<-- GET /wd/hub/session/a4f56f2b-0057-4144-9a37-7b3e26e1c805 [39m[32m200[39m [90m13 ms - 1097[39m
[35m[HTTP][39m [90m[39m
[35m[HTTP][39m [37m-->[39m [37mGET[39m [37m/wd/hub/session/a4f56f2b-0057-4144-9a37-7b3e26e1c805[39m
[35m[HTTP][39m [90m{}[39m
[35m[HTTP][39m [37m<-- GET /wd/hub/session/a4f56f2b-0057-4144-9a37-7b3e26e1c805 [39m[32m200[39m [90m11 ms - 1097[39m
[35m[HTTP][39m [90m[39m
[35m[HTTP][39m [37m-->[39m [37mGET[39m [37m/wd/hub/status[39m
[35m[HTTP][39m [90m{}[39m
[35m[HTTP][39m [37m<-- GET /wd/hub/status [39m[32m200[39m [90m1 ms - 68[39m
[35m[HTTP][39m [90m[39m
[35m[HTTP][39m [37m-->[39m [37mPOST[39m [37m/wd/hub/session/a4f56f2b-0057-4144-9a37-7b3e26e1c805/timeouts[39m
[35m[HTTP][39m [90m{"implicit":60000}[39m
[35m[HTTP][39m [37m<-- POST /wd/hub/session/a4f56f2b-0057-4144-9a37-7b3e26e1c805/timeouts [39m[32m200[39m [90m5 ms - 14[39m
[35m[HTTP][39m [90m[39m
[35m[HTTP][39m [37m-->[39m [37mGET[39m [37m/wd/hub/session/a4f56f2b-0057-4144-9a37-7b3e26e1c805/screenshot[39m
[35m[HTTP][39m [90m{}[39m
[35m[HTTP][39m [37m<-- GET /wd/hub/session/a4f56f2b-0057-4144-9a37-7b3e26e1c805/screenshot [39m[32m200[39m [90m389 ms - 174848[39m
[35m[HTTP][39m [90m[39m
[35m[HTTP][39m [37m-->[39m [37mGET[39m [37m/wd/hub/session/a4f56f2b-0057-4144-9a37-7b3e26e1c805/window/rect[39m
[35m[HTTP][39m [90m{}[39m
[35m[HTTP][39m [37m<-- GET /wd/hub/session/a4f56f2b-0057-4144-9a37-7b3e26e1c805/window/rect [39m[32m200[39m [90m274 ms - 50[39m
[35m[HTTP][39m [90m[39m
[35m[HTTP][39m [37m-->[39m [37mGET[39m [37m/wd/hub/session/a4f56f2b-0057-4144-9a37-7b3e26e1c805/appium/device/system_bars[39m
[35m[HTTP][39m [90m{}[39m
[35m[HTTP][39m [37m<-- GET /wd/hub/session/a4f56f2b-0057-4144-9a37-7b3e26e1c805/appium/device/system_bars [39m[31m500[39m [90m315 ms - 645[39m
[35m[HTTP][39m [90m[39m
[35m[HTTP][39m [37m-->[39m [37mPOST[39m [37m/wd/hub/session/a4f56f2b-0057-4144-9a37-7b3e26e1c805/execute/sync[39m
[35m[HTTP][39m [90m{"script":"mobile:viewportRect","args":[]}[39m
[35m[AndroidDriver][39m Executing native command 'mobile:viewportRect'
[35m[HTTP][39m [37m<-- POST /wd/hub/session/a4f56f2b-0057-4144-9a37-7b3e26e1c805/execute/sync [39m[32m200[39m [90m32 ms - 56[39m
[35m[HTTP][39m [90m[39m
[35m[HTTP][39m [37m-->[39m [37mPOST[39m [37m/wd/hub/session/a4f56f2b-0057-4144-9a37-7b3e26e1c805/appium/device/activate_app[39m
[35m[HTTP][39m [90m{"bundleId":"com.swaglabsmobileapp"}[39m
[35m[HTTP][39m [37m<-- POST /wd/hub/session/a4f56f2b-0057-4144-9a37-7b3e26e1c805/appium/device/activate_app [39m[32m200[39m [90m584 ms - 14[39m
[35m[HTTP][39m [90m[39m
[35m[HTTP][39m [37m-->[39m [37mGET[39m [37m/wd/hub/session/a4f56f2b-0057-4144-9a37-7b3e26e1c805/source[39m
[35m[HTTP][39m [90m{}[39m
[35m[W3C (a4f56f2b)][39m Driver proxy active, passing request on via HTTP proxy
[35m[WD Proxy][39m Replacing sessionId 7558b998-2bbd-46b1-a714-372d412c0da4 with a4f56f2b-0057-4144-9a37-7b3e26e1c805
[35m[HTTP][39m [37m<-- GET /wd/hub/session/a4f56f2b-0057-4144-9a37-7b3e26e1c805/source [39m[32m200[39m [90m509 ms - 18678[39m
[35m[HTTP][39m [90m[39m
[35m[HTTP][39m [37m-->[39m [37mGET[39m [37m/wd/hub/session/a4f56f2b-0057-4144-9a37-7b3e26e1c805/screenshot[39m
[35m[HTTP][39m [90m{}[39m
[35m[HTTP][39m [37m<-- GET /wd/hub/session/a4f56f2b-0057-4144-9a37-7b3e26e1c805/screenshot [39m[32m200[39m [90m479 ms - 165208[39m
[35m[HTTP][39m [90m[39m
[35m[HTTP][39m [37m-->[39m [37mGET[39m [37m/wd/hub/session/a4f56f2b-0057-4144-9a37-7b3e26e1c805/source[39m
[35m[HTTP][39m [90m{}[39m
[35m[W3C (a4f56f2b)][39m Driver proxy active, passing request on via HTTP proxy
[35m[WD Proxy][39m Replacing sessionId 7558b998-2bbd-46b1-a714-372d412c0da4 with a4f56f2b-0057-4144-9a37-7b3e26e1c805
[35m[HTTP][39m [37m<-- GET /wd/hub/session/a4f56f2b-0057-4144-9a37-7b3e26e1c805/source [39m[32m200[39m [90m91 ms - 14437[39m
[35m[HTTP][39m [90m[39m
[35m[HTTP][39m [37m-->[39m [37mGET[39m [37m/wd/hub/session/a4f56f2b-0057-4144-9a37-7b3e26e1c805/screenshot[39m
[35m[HTTP][39m [90m{}[39m
[35m[HTTP][39m [37m<-- GET /wd/hub/session/a4f56f2b-0057-4144-9a37-7b3e26e1c805/screenshot [39m[32m200[39m [90m475 ms - 290568[39m
[35m[HTTP][39m [90m[39m
[35m[HTTP][39m [37m-->[39m [37mPOST[39m [37m/wd/hub/session/a4f56f2b-0057-4144-9a37-7b3e26e1c805/elements[39m
[35m[HTTP][39m [90m{"using":"xpath","value":"//*[@class = 'android.widget.EditText' and (@text = 'Username' or . = 'Username')]"}[39m
[35m[HTTP][39m [37m<-- POST /wd/hub/session/a4f56f2b-0057-4144-9a37-7b3e26e1c805/elements [39m[32m200[39m [90m379 ms - 139[39m
[35m[HTTP][39m [90m[39m
[35m[HTTP][39m [37m-->[39m [37mGET[39m [37m/wd/hub/session/a4f56f2b-0057-4144-9a37-7b3e26e1c805/window/rect[39m
[35m[HTTP][39m [90m{}[39m
[35m[HTTP][39m [37m<-- GET /wd/hub/session/a4f56f2b-0057-4144-9a37-7b3e26e1c805/window/rect [39m[32m200[39m [90m19 ms - 50[39m
[35m[HTTP][39m [90m[39m
[35m[HTTP][39m [37m-->[39m [37mPOST[39m [37m/wd/hub/session/a4f56f2b-0057-4144-9a37-7b3e26e1c805/elements[39m
[35m[HTTP][39m [90m{"using":"xpath","value":"//*[@class = 'android.widget.EditText' and (@text = 'Username' or . = 'Username')]"}[39m
[35m[HTTP][39m [37m<-- POST /wd/hub/session/a4f56f2b-0057-4144-9a37-7b3e26e1c805/elements [39m[32m200[39m [90m91 ms - 139[39m
[35m[HTTP][39m [90m[39m
[35m[HTTP][39m [37m-->[39m [37mGET[39m [37m/wd/hub/session/a4f56f2b-0057-4144-9a37-7b3e26e1c805/element/00000000-0000-001d-ffff-ffff0000002a/location[39m
[35m[HTTP][39m [90m{}[39m
[35m[W3C (a4f56f2b)][39m Driver proxy active, passing request on via HTTP proxy
[35m[WD Proxy][39m Replacing sessionId 7558b998-2bbd-46b1-a714-372d412c0da4 with a4f56f2b-0057-4144-9a37-7b3e26e1c805
[35m[HTTP][39m [37m<-- GET /wd/hub/session/a4f56f2b-0057-4144-9a37-7b3e26e1c805/element/00000000-0000-001d-ffff-ffff0000002a/location [39m[32m200[39m [90m32 ms - 78[39m
[35m[HTTP][39m [90m[39m
[35m[HTTP][39m [37m-->[39m [37mPOST[39m [37m/wd/hub/session/a4f56f2b-0057-4144-9a37-7b3e26e1c805/element/00000000-0000-001d-ffff-ffff0000002a/click[39m
[35m[HTTP][39m [90m{"id":"00000000-0000-001d-ffff-ffff0000002a"}[39m
[35m[HTTP][39m [37m<-- POST /wd/hub/session/a4f56f2b-0057-4144-9a37-7b3e26e1c805/element/00000000-0000-001d-ffff-ffff0000002a/click [39m[32m200[39m [90m1317 ms - 14[39m
[35m[HTTP][39m [90m[39m
[35m[HTTP][39m [37m-->[39m [37mGET[39m [37m/wd/hub/session/a4f56f2b-0057-4144-9a37-7b3e26e1c805/source[39m
[35m[HTTP][39m [90m{}[39m
[35m[W3C (a4f56f2b)][39m Driver proxy active, passing request on via HTTP proxy
[35m[WD Proxy][39m Replacing sessionId 7558b998-2bbd-46b1-a714-372d412c0da4 with a4f56f2b-0057-4144-9a37-7b3e26e1c805
[35m[HTTP][39m [37m<-- GET /wd/hub/session/a4f56f2b-0057-4144-9a37-7b3e26e1c805/source [39m[32m200[39m [90m534 ms - 10732[39m
[35m[HTTP][39m [90m[39m
[35m[HTTP][39m [37m-->[39m [37mGET[39m [37m/wd/hub/session/a4f56f2b-0057-4144-9a37-7b3e26e1c805/screenshot[39m
[35m[HTTP][39m [90m{}[39m
[35m[HTTP][39m [37m<-- GET /wd/hub/session/a4f56f2b-0057-4144-9a37-7b3e26e1c805/screenshot [39m[32m200[39m [90m1249 ms - 1715840[39m
[35m[HTTP][39m [90m[39m
[35m[HTTP][39m [37m-->[39m [37mPOST[39m [37m/wd/hub/session/a4f56f2b-0057-4144-9a37-7b3e26e1c805/elements[39m
[35m[HTTP][39m [90m{"using":"xpath","value":"//*[@class = 'android.widget.EditText' and (@text = 'Username' or . = 'Username')]"}[39m
[35m[HTTP][39m [37m<-- POST /wd/hub/session/a4f56f2b-0057-4144-9a37-7b3e26e1c805/elements [39m[32m200[39m [90m461 ms - 139[39m
[35m[HTTP][39m [90m[39m
[35m[HTTP][39m [37m-->[39m [37mGET[39m [37m/wd/hub/session/a4f56f2b-0057-4144-9a37-7b3e26e1c805/window/rect[39m
[35m[HTTP][39m [90m{}[39m
[35m[HTTP][39m [37m<-- GET /wd/hub/session/a4f56f2b-0057-4144-9a37-7b3e26e1c805/window/rect [39m[32m200[39m [90m18 ms - 50[39m
[35m[HTTP][39m [90m[39m
[35m[HTTP][39m [37m-->[39m [37mPOST[39m [37m/wd/hub/session/a4f56f2b-0057-4144-9a37-7b3e26e1c805/elements[39m
[35m[HTTP][39m [90m{"using":"xpath","value":"//*[@class = 'android.widget.EditText' and (@text = 'Username' or . = 'Username')]"}[39m
[35m[HTTP][39m [37m<-- POST /wd/hub/session/a4f56f2b-0057-4144-9a37-7b3e26e1c805/elements [39m[32m200[39m [90m78 ms - 139[39m
[35m[HTTP][39m [90m[39m
[35m[HTTP][39m [37m-->[39m [37mGET[39m [37m/wd/hub/session/a4f56f2b-0057-4144-9a37-7b3e26e1c805/element/00000000-0000-001d-ffff-ffff0000002a/location[39m
[35m[HTTP][39m [90m{}[39m
[35m[W3C (a4f56f2b)][39m Driver proxy active, passing request on via HTTP proxy
[35m[WD Proxy][39m Replacing sessionId 7558b998-2bbd-46b1-a714-372d412c0da4 with a4f56f2b-0057-4144-9a37-7b3e26e1c805
[35m[HTTP][39m [37m<-- GET /wd/hub/session/a4f56f2b-0057-4144-9a37-7b3e26e1c805/element/00000000-0000-001d-ffff-ffff0000002a/location [39m[32m200[39m [90m29 ms - 78[39m
[35m[HTTP][39m [90m[39m
[35m[HTTP][39m [37m-->[39m [37mPOST[39m [37m/wd/hub/session/a4f56f2b-0057-4144-9a37-7b3e26e1c805/element/00000000-0000-001d-ffff-ffff0000002a/clear[39m
[35m[HTTP][39m [90m{"id":"00000000-0000-001d-ffff-ffff0000002a"}[39m
[35m[HTTP][39m [37m<-- POST /wd/hub/session/a4f56f2b-0057-4144-9a37-7b3e26e1c805/element/00000000-0000-001d-ffff-ffff0000002a/clear [39m[32m200[39m [90m40 ms - 14[39m
[35m[HTTP][39m [90m[39m
[35m[HTTP][39m [37m-->[39m [37mPOST[39m [37m/wd/hub/session/a4f56f2b-0057-4144-9a37-7b3e26e1c805/element/00000000-0000-001d-ffff-ffff0000002a/value[39m
[35m[HTTP][39m [90m{"id":"00000000-0000-001d-ffff-ffff0000002a","text":"standard_user","value":["s","t","a","n","d","a","r","d","_","u","s","e","r"]}[39m
[35m[HTTP][39m [37m<-- POST /wd/hub/session/a4f56f2b-0057-4144-9a37-7b3e26e1c805/element/00000000-0000-001d-ffff-ffff0000002a/value [39m[32m200[39m [90m2154 ms - 14[39m
[35m[HTTP][39m [90m[39m
[35m[HTTP][39m [37m-->[39m [37mGET[39m [37m/wd/hub/session/a4f56f2b-0057-4144-9a37-7b3e26e1c805/source[39m
[35m[HTTP][39m [90m{}[39m
[35m[W3C (a4f56f2b)][39m Driver proxy active, passing request on via HTTP proxy
[35m[WD Proxy][39m Replacing sessionId 7558b998-2bbd-46b1-a714-372d412c0da4 with a4f56f2b-0057-4144-9a37-7b3e26e1c805
[35m[HTTP][39m [37m<-- GET /wd/hub/session/a4f56f2b-0057-4144-9a37-7b3e26e1c805/source [39m[32m200[39m [90m95 ms - 10737[39m
[35m[HTTP][39m [90m[39m
[35m[HTTP][39m [37m-->[39m [37mGET[39m [37m/wd/hub/session/a4f56f2b-0057-4144-9a37-7b3e26e1c805/screenshot[39m
[35m[HTTP][39m [90m{}[39m
[35m[HTTP][39m [37m<-- GET /wd/hub/session/a4f56f2b-0057-4144-9a37-7b3e26e1c805/screenshot [39m[32m200[39m [90m1330 ms - 1717384[39m
[35m[HTTP][39m [90m[39m
[35m[HTTP][39m [37m-->[39m [37mGET[39m [37m/wd/hub/session/a4f56f2b-0057-4144-9a37-7b3e26e1c805/source[39m
[35m[HTTP][39m [90m{}[39m
[35m[W3C (a4f56f2b)][39m Driver proxy active, passing request on via HTTP proxy
[35m[WD Proxy][39m Replacing sessionId 7558b998-2bbd-46b1-a714-372d412c0da4 with a4f56f2b-0057-4144-9a37-7b3e26e1c805
[35m[HTTP][39m [37m<-- GET /wd/hub/session/a4f56f2b-0057-4144-9a37-7b3e26e1c805/source [39m[32m200[39m [90m67 ms - 10737[39m
[35m[HTTP][39m [90m[39m
[35m[HTTP][39m [37m-->[39m [37mGET[39m [37m/wd/hub/session/a4f56f2b-0057-4144-9a37-7b3e26e1c805/screenshot[39m
[35m[HTTP][39m [90m{}[39m
[35m[HTTP][39m [37m<-- GET /wd/hub/session/a4f56f2b-0057-4144-9a37-7b3e26e1c805/screenshot [39m[32m200[39m [90m1235 ms - 1717014[39m
[35m[HTTP][39m [90m[39m
[35m[HTTP][39m [37m-->[39m [37mGET[39m [37m/wd/hub/session/a4f56f2b-0057-4144-9a37-7b3e26e1c805/source[39m
[35m[HTTP][39m [90m{}[39m
[35m[W3C (a4f56f2b)][39m Driver proxy active, passing request on via HTTP proxy
[35m[WD Proxy][39m Replacing sessionId 7558b998-2bbd-46b1-a714-372d412c0da4 with a4f56f2b-0057-4144-9a37-7b3e26e1c805
[35m[HTTP][39m [37m<-- GET /wd/hub/session/a4f56f2b-0057-4144-9a37-7b3e26e1c805/source [39m[32m200[39m [90m60 ms - 14441[39m
[35m[HTTP][39m [90m[39m
[35m[HTTP][39m [37m-->[39m [37mGET[39m [37m/wd/hub/session/a4f56f2b-0057-4144-9a37-7b3e26e1c805/screenshot[39m
[35m[HTTP][39m [90m{}[39m
[35m[HTTP][39m [37m<-- GET /wd/hub/session/a4f56f2b-0057-4144-9a37-7b3e26e1c805/screenshot [39m[32m200[39m [90m472 ms - 291712[39m
[35m[HTTP][39m [90m[39m
[35m[HTTP][39m [37m-->[39m [37mPOST[39m [37m/wd/hub/session/a4f56f2b-0057-4144-9a37-7b3e26e1c805/elements[39m
[35m[HTTP][39m [90m{"using":"xpath","value":"//*[@class = 'android.widget.EditText' and (@text = 'Password' or . = 'Password')]"}[39m
[35m[HTTP][39m [37m<-- POST /wd/hub/session/a4f56f2b-0057-4144-9a37-7b3e26e1c805/elements [39m[32m200[39m [90m113 ms - 139[39m
[35m[HTTP][39m [90m[39m
[35m[HTTP][39m [37m-->[39m [37mGET[39m [37m/wd/hub/session/a4f56f2b-0057-4144-9a37-7b3e26e1c805/window/rect[39m
[35m[HTTP][39m [90m{}[39m
[35m[HTTP][39m [37m<-- GET /wd/hub/session/a4f56f2b-0057-4144-9a37-7b3e26e1c805/window/rect [39m[32m200[39m [90m17 ms - 50[39m
[35m[HTTP][39m [90m[39m
[35m[HTTP][39m [37m-->[39m [37mPOST[39m [37m/wd/hub/session/a4f56f2b-0057-4144-9a37-7b3e26e1c805/elements[39m
[35m[HTTP][39m [90m{"using":"xpath","value":"//*[@class = 'android.widget.EditText' and (@text = 'Password' or . = 'Password')]"}[39m
[35m[HTTP][39m [37m<-- POST /wd/hub/session/a4f56f2b-0057-4144-9a37-7b3e26e1c805/elements [39m[32m200[39m [90m79 ms - 139[39m
[35m[HTTP][39m [90m[39m
[35m[HTTP][39m [37m-->[39m [37mGET[39m [37m/wd/hub/session/a4f56f2b-0057-4144-9a37-7b3e26e1c805/element/00000000-0000-001d-ffff-ffff0000002d/location[39m
[35m[HTTP][39m [90m{}[39m
[35m[W3C (a4f56f2b)][39m Driver proxy active, passing request on via HTTP proxy
[35m[WD Proxy][39m Replacing sessionId 7558b998-2bbd-46b1-a714-372d412c0da4 with a4f56f2b-0057-4144-9a37-7b3e26e1c805
[35m[HTTP][39m [37m<-- GET /wd/hub/session/a4f56f2b-0057-4144-9a37-7b3e26e1c805/element/00000000-0000-001d-ffff-ffff0000002d/location [39m[32m200[39m [90m30 ms - 78[39m
[35m[HTTP][39m [90m[39m
[35m[HTTP][39m [37m-->[39m [37mPOST[39m [37m/wd/hub/session/a4f56f2b-0057-4144-9a37-7b3e26e1c805/element/00000000-0000-001d-ffff-ffff0000002d/clear[39m
[35m[HTTP][39m [90m{"id":"00000000-0000-001d-ffff-ffff0000002d"}[39m
[35m[HTTP][39m [37m<-- POST /wd/hub/session/a4f56f2b-0057-4144-9a37-7b3e26e1c805/element/00000000-0000-001d-ffff-ffff0000002d/clear [39m[32m200[39m [90m30 ms - 14[39m
[35m[HTTP][39m [90m[39m
[35m[HTTP][39m [37m-->[39m [37mPOST[39m [37m/wd/hub/session/a4f56f2b-0057-4144-9a37-7b3e26e1c805/element/00000000-0000-001d-ffff-ffff0000002d/value[39m
[35m[HTTP][39m [90m{"id":"00000000-0000-001d-ffff-ffff0000002d","text":"secret_sauce","value":["s","e","c","r","e","t","_","s","a","u","c","e"]}[39m
[35m[HTTP][39m [37m<-- POST /wd/hub/session/a4f56f2b-0057-4144-9a37-7b3e26e1c805/element/00000000-0000-001d-ffff-ffff0000002d/value [39m[32m200[39m [90m1130 ms - 14[39m
[35m[HTTP][39m [90m[39m
[35m[HTTP][39m [37m-->[39m [37mGET[39m [37m/wd/hub/session/a4f56f2b-0057-4144-9a37-7b3e26e1c805/source[39m
[35m[HTTP][39m [90m{}[39m
[35m[W3C (a4f56f2b)][39m Driver proxy active, passing request on via HTTP proxy
[35m[WD Proxy][39m Replacing sessionId 7558b998-2bbd-46b1-a714-372d412c0da4 with a4f56f2b-0057-4144-9a37-7b3e26e1c805
[35m[HTTP][39m [37m<-- GET /wd/hub/session/a4f56f2b-0057-4144-9a37-7b3e26e1c805/source [39m[32m200[39m [90m464 ms - 14469[39m
[35m[HTTP][39m [90m[39m
[35m[HTTP][39m [37m-->[39m [37mGET[39m [37m/wd/hub/session/a4f56f2b-0057-4144-9a37-7b3e26e1c805/screenshot[39m
[35m[HTTP][39m [90m{}[39m
[35m[HTTP][39m [37m<-- GET /wd/hub/session/a4f56f2b-0057-4144-9a37-7b3e26e1c805/screenshot [39m[32m200[39m [90m498 ms - 285102[39m
[35m[HTTP][39m [90m[39m
[35m[HTTP][39m [37m-->[39m [37mPOST[39m [37m/wd/hub/session/a4f56f2b-0057-4144-9a37-7b3e26e1c805/elements[39m
[35m[HTTP][39m [90m{"using":"xpath","value":"//*[@class = 'android.view.ViewGroup' and (@text = '' or . = '')]"}[39m
[35m[HTTP][39m [37m<-- POST /wd/hub/session/a4f56f2b-0057-4144-9a37-7b3e26e1c805/elements [39m[32m200[39m [90m216 ms - 2059[39m
[35m[HTTP][39m [90m[39m
[35m[HTTP][39m [37m-->[39m [37mPOST[39m [37m/wd/hub/session/a4f56f2b-0057-4144-9a37-7b3e26e1c805/elements[39m
[35m[HTTP][39m [90m{"using":"accessibility id","value":"test-LOGIN"}[39m
[35m[HTTP][39m [37m<-- POST /wd/hub/session/a4f56f2b-0057-4144-9a37-7b3e26e1c805/elements [39m[32m200[39m [90m40 ms - 139[39m
[35m[HTTP][39m [90m[39m
[35m[HTTP][39m [37m-->[39m [37mGET[39m [37m/wd/hub/session/a4f56f2b-0057-4144-9a37-7b3e26e1c805/window/rect[39m
[35m[HTTP][39m [90m{}[39m
[35m[HTTP][39m [37m<-- GET /wd/hub/session/a4f56f2b-0057-4144-9a37-7b3e26e1c805/window/rect [39m[32m200[39m [90m25 ms - 50[39m
[35m[HTTP][39m [90m[39m
[35m[HTTP][39m [37m-->[39m [37mPOST[39m [37m/wd/hub/session/a4f56f2b-0057-4144-9a37-7b3e26e1c805/elements[39m
[35m[HTTP][39m [90m{"using":"accessibility id","value":"test-LOGIN"}[39m
[35m[HTTP][39m [37m<-- POST /wd/hub/session/a4f56f2b-0057-4144-9a37-7b3e26e1c805/elements [39m[32m200[39m [90m39 ms - 139[39m
[35m[HTTP][39m [90m[39m
[35m[HTTP][39m [37m-->[39m [37mGET[39m [37m/wd/hub/session/a4f56f2b-0057-4144-9a37-7b3e26e1c805/element/00000000-0000-001d-ffff-ffff0000002e/location[39m
[35m[HTTP][39m [90m{}[39m
[35m[W3C (a4f56f2b)][39m Driver proxy active, passing request on via HTTP proxy
[35m[WD Proxy][39m Replacing sessionId 7558b998-2bbd-46b1-a714-372d412c0da4 with a4f56f2b-0057-4144-9a37-7b3e26e1c805
[35m[HTTP][39m [37m<-- GET /wd/hub/session/a4f56f2b-0057-4144-9a37-7b3e26e1c805/element/00000000-0000-001d-ffff-ffff0000002e/location [39m[32m200[39m [90m21 ms - 78[39m
[35m[HTTP][39m [90m[39m
[35m[HTTP][39m [37m-->[39m [37mPOST[39m [37m/wd/hub/session/a4f56f2b-0057-4144-9a37-7b3e26e1c805/element/00000000-0000-001d-ffff-ffff0000002e/click[39m
[35m[HTTP][39m [90m{"id":"00000000-0000-001d-ffff-ffff0000002e"}[39m
[35m[HTTP][39m [37m<-- POST /wd/hub/session/a4f56f2b-0057-4144-9a37-7b3e26e1c805/element/00000000-0000-001d-ffff-ffff0000002e/click [39m[32m200[39m [90m80 ms - 14[39m
[35m[HTTP][39m [90m[39m
[35m[HTTP][39m [37m-->[39m [37mGET[39m [37m/wd/hub/session/a4f56f2b-0057-4144-9a37-7b3e26e1c805/source[39m
[35m[HTTP][39m [90m{}[39m
[35m[W3C (a4f56f2b)][39m Driver proxy active, passing request on via HTTP proxy
[35m[WD Proxy][39m Replacing sessionId 7558b998-2bbd-46b1-a714-372d412c0da4 with a4f56f2b-0057-4144-9a37-7b3e26e1c805
[35m[HTTP][39m [37m<-- GET /wd/hub/session/a4f56f2b-0057-4144-9a37-7b3e26e1c805/source [39m[32m200[39m [90m1252 ms - 31419[39m
[35m[HTTP][39m [90m[39m
[35m[HTTP][39m [37m-->[39m [37mGET[39m [37m/wd/hub/session/a4f56f2b-0057-4144-9a37-7b3e26e1c805/screenshot[39m
[35m[HTTP][39m [90m{}[39m
[35m[HTTP][39m [37m<-- GET /wd/hub/session/a4f56f2b-0057-4144-9a37-7b3e26e1c805/screenshot [39m[32m200[39m [90m963 ms - 1875942[39m
[35m[HTTP][39m [90m[39m
[35m[HTTP][39m [37m-->[39m [37mPOST[39m [37m/wd/hub/session/a4f56f2b-0057-4144-9a37-7b3e26e1c805/elements[39m
[35m[HTTP][39m [90m{"using":"xpath","value":"//*[@class = 'android.widget.ImageView' and (@text = '' or . = '')]"}[39m
[35m[HTTP][39m [37m<-- POST /wd/hub/session/a4f56f2b-0057-4144-9a37-7b3e26e1c805/elements [39m[32m200[39m [90m159 ms - 1291[39m
[35m[HTTP][39m [90m[39m
[35m[HTTP][39m [37m-->[39m [37mPOST[39m [37m/wd/hub/session/a4f56f2b-0057-4144-9a37-7b3e26e1c805/elements[39m
[35m[HTTP][39m [90m{"using":"-android uiautomator","value":"new UiSelector().className(\"android.widget.ImageView\")"}[39m
[35m[HTTP][39m [37m<-- POST /wd/hub/session/a4f56f2b-0057-4144-9a37-7b3e26e1c805/elements [39m[32m200[39m [90m285 ms - 1291[39m
[35m[HTTP][39m [90m[39m
[35m[HTTP][39m [37m-->[39m [37mGET[39m [37m/wd/hub/session/a4f56f2b-0057-4144-9a37-7b3e26e1c805/window/rect[39m
[35m[HTTP][39m [90m{}[39m
[35m[HTTP][39m [37m<-- GET /wd/hub/session/a4f56f2b-0057-4144-9a37-7b3e26e1c805/window/rect [39m[32m200[39m [90m21 ms - 50[39m
[35m[HTTP][39m [90m[39m
[35m[HTTP][39m [37m-->[39m [37mPOST[39m [37m/wd/hub/session/a4f56f2b-0057-4144-9a37-7b3e26e1c805/elements[39m
[35m[HTTP][39m [90m{"using":"xpath","value":"//hierarchy/android.widget.FrameLayout[1]/android.widget.LinearLayout[1]/android.widget.FrameLayout[1]/android.widget.LinearLayout[1]/android.widget.FrameLayout[1]/android.widget.FrameLayout[1]/android.view.ViewGroup[1]/android.view.ViewGroup[1]/android.view.ViewGroup[1]/android.view.ViewGroup[1]/android.view.ViewGroup[1]/android.view.ViewGroup[1]/android.view.ViewGroup[1]/android.view.ViewGroup[1]/android.view.ViewGroup[1]/android.view.ViewGroup[1]/android.view.ViewGroup[1]/android.widget.ImageView[1]"}[39m
[35m[HTTP][39m [37m<-- POST /wd/hub/session/a4f56f2b-0057-4144-9a37-7b3e26e1c805/elements [39m[32m200[39m [90m160 ms - 139[39m
[35m[HTTP][39m [90m[39m
[35m[HTTP][39m [37m-->[39m [37mGET[39m [37m/wd/hub/session/a4f56f2b-0057-4144-9a37-7b3e26e1c805/element/00000000-0000-001d-ffff-ffff0000004e/location[39m
[35m[HTTP][39m [90m{}[39m
[35m[W3C (a4f56f2b)][39m Driver proxy active, passing request on via HTTP proxy
[35m[WD Proxy][39m Replacing sessionId 7558b998-2bbd-46b1-a714-372d412c0da4 with a4f56f2b-0057-4144-9a37-7b3e26e1c805
[35m[HTTP][39m [37m<-- GET /wd/hub/session/a4f56f2b-0057-4144-9a37-7b3e26e1c805/element/00000000-0000-001d-ffff-ffff0000004e/location [39m[32m200[39m [90m22 ms - 77[39m
[35m[HTTP][39m [90m[39m
[35m[HTTP][39m [37m-->[39m [37mPOST[39m [37m/wd/hub/session/a4f56f2b-0057-4144-9a37-7b3e26e1c805/element/00000000-0000-001d-ffff-ffff0000004e/click[39m
[35m[HTTP][39m [90m{"id":"00000000-0000-001d-ffff-ffff0000004e"}[39m
[35m[HTTP][39m [37m<-- POST /wd/hub/session/a4f56f2b-0057-4144-9a37-7b3e26e1c805/element/00000000-0000-001d-ffff-ffff0000004e/click [39m[32m200[39m [90m76 ms - 14[39m
[35m[HTTP][39m [90m[39m
[35m[HTTP][39m [37m-->[39m [37mGET[39m [37m/wd/hub/session/a4f56f2b-0057-4144-9a37-7b3e26e1c805/source[39m
[35m[HTTP][39m [90m{}[39m
[35m[W3C (a4f56f2b)][39m Driver proxy active, passing request on via HTTP proxy
[35m[WD Proxy][39m Replacing sessionId 7558b998-2bbd-46b1-a714-372d412c0da4 with a4f56f2b-0057-4144-9a37-7b3e26e1c805
[35m[HTTP][39m [37m<-- GET /wd/hub/session/a4f56f2b-0057-4144-9a37-7b3e26e1c805/source [39m[32m200[39m [90m1274 ms - 40887[39m
[35m[HTTP][39m [90m[39m
[35m[HTTP][39m [37m-->[39m [37mGET[39m [37m/wd/hub/session/a4f56f2b-0057-4144-9a37-7b3e26e1c805/screenshot[39m
[35m[HTTP][39m [90m{}[39m
[35m[HTTP][39m [37m<-- GET /wd/hub/session/a4f56f2b-0057-4144-9a37-7b3e26e1c805/screenshot [39m[32m200[39m [90m379 ms - 102456[39m
[35m[HTTP][39m [90m[39m
[35m[HTTP][39m [37m-->[39m [37mPOST[39m [37m/wd/hub/session/a4f56f2b-0057-4144-9a37-7b3e26e1c805/elements[39m
[35m[HTTP][39m [90m{"using":"xpath","value":"//*[@class = 'android.widget.TextView' and (@text = 'ABOUT' or . = 'ABOUT')]"}[39m
[35m[HTTP][39m [37m<-- POST /wd/hub/session/a4f56f2b-0057-4144-9a37-7b3e26e1c805/elements [39m[32m200[39m [90m212 ms - 139[39m
[35m[HTTP][39m [90m[39m
[35m[HTTP][39m [37m-->[39m [37mGET[39m [37m/wd/hub/session/a4f56f2b-0057-4144-9a37-7b3e26e1c805/window/rect[39m
[35m[HTTP][39m [90m{}[39m
[35m[HTTP][39m [37m<-- GET /wd/hub/session/a4f56f2b-0057-4144-9a37-7b3e26e1c805/window/rect [39m[32m200[39m [90m16 ms - 50[39m
[35m[HTTP][39m [90m[39m
[35m[HTTP][39m [37m-->[39m [37mPOST[39m [37m/wd/hub/session/a4f56f2b-0057-4144-9a37-7b3e26e1c805/elements[39m
[35m[HTTP][39m [90m{"using":"xpath","value":"//*[@class = 'android.widget.TextView' and (@text = 'ABOUT' or . = 'ABOUT')]"}[39m
[35m[HTTP][39m [37m<-- POST /wd/hub/session/a4f56f2b-0057-4144-9a37-7b3e26e1c805/elements [39m[32m200[39m [90m152 ms - 139[39m
[35m[HTTP][39m [90m[39m
[35m[HTTP][39m [37m-->[39m [37mGET[39m [37m/wd/hub/session/a4f56f2b-0057-4144-9a37-7b3e26e1c805/element/00000000-0000-001d-ffff-ffff0000001c/location[39m
[35m[HTTP][39m [90m{}[39m
[35m[W3C (a4f56f2b)][39m Driver proxy active, passing request on via HTTP proxy
[35m[WD Proxy][39m Replacing sessionId 7558b998-2bbd-46b1-a714-372d412c0da4 with a4f56f2b-0057-4144-9a37-7b3e26e1c805
[35m[HTTP][39m [37m<-- GET /wd/hub/session/a4f56f2b-0057-4144-9a37-7b3e26e1c805/element/00000000-0000-001d-ffff-ffff0000001c/location [39m[32m200[39m [90m22 ms - 78[39m
[35m[HTTP][39m [90m[39m
[35m[HTTP][39m [37m-->[39m [37mPOST[39m [37m/wd/hub/session/a4f56f2b-0057-4144-9a37-7b3e26e1c805/element/00000000-0000-001d-ffff-ffff0000001c/click[39m
[35m[HTTP][39m [90m{"id":"00000000-0000-001d-ffff-ffff0000001c"}[39m
[35m[HTTP][39m [37m<-- POST /wd/hub/session/a4f56f2b-0057-4144-9a37-7b3e26e1c805/element/00000000-0000-001d-ffff-ffff0000001c/click [39m[32m200[39m [90m80 ms - 14[39m
[35m[HTTP][39m [90m[39m
[35m[HTTP][39m [37m-->[39m [37mGET[39m [37m/wd/hub/session/a4f56f2b-0057-4144-9a37-7b3e26e1c805/source[39m
[35m[HTTP][39m [90m{}[39m
[35m[W3C (a4f56f2b)][39m Driver proxy active, passing request on via HTTP proxy
[35m[WD Proxy][39m Replacing sessionId 7558b998-2bbd-46b1-a714-372d412c0da4 with a4f56f2b-0057-4144-9a37-7b3e26e1c805
[35m[HTTP][39m [37m<-- GET /wd/hub/session/a4f56f2b-0057-4144-9a37-7b3e26e1c805/source [39m[32m200[39m [90m756 ms - 15434[39m
[35m[HTTP][39m [90m[39m
[35m[HTTP][39m [37m-->[39m [37mGET[39m [37m/wd/hub/session/a4f56f2b-0057-4144-9a37-7b3e26e1c805/screenshot[39m
[35m[HTTP][39m [90m{}[39m
[35m[HTTP][39m [37m<-- GET /wd/hub/session/a4f56f2b-0057-4144-9a37-7b3e26e1c805/screenshot [39m[32m200[39m [90m344 ms - 167310[39m
[35m[HTTP][39m [90m[39m
[35m[HTTP][39m [37m-->[39m [37mPOST[39m [37m/wd/hub/session/a4f56f2b-0057-4144-9a37-7b3e26e1c805/elements[39m
[35m[HTTP][39m [90m{"using":"xpath","value":"//*[@class = 'android.widget.ImageView' and @resource-id = 'android:id/icon' and (@text = '' or . = '')]"}[39m
[35m[HTTP][39m [37m<-- POST /wd/hub/session/a4f56f2b-0057-4144-9a37-7b3e26e1c805/elements [39m[32m200[39m [90m112 ms - 267[39m
[35m[HTTP][39m [90m[39m
[35m[HTTP][39m [37m-->[39m [37mPOST[39m [37m/wd/hub/session/a4f56f2b-0057-4144-9a37-7b3e26e1c805/elements[39m
[35m[HTTP][39m [90m{"using":"id","value":"android:id/icon"}[39m
[35m[HTTP][39m [37m<-- POST /wd/hub/session/a4f56f2b-0057-4144-9a37-7b3e26e1c805/elements [39m[32m200[39m [90m25 ms - 267[39m
[35m[HTTP][39m [90m[39m
[35m[HTTP][39m [37m-->[39m [37mPOST[39m [37m/wd/hub/session/a4f56f2b-0057-4144-9a37-7b3e26e1c805/elements[39m
[35m[HTTP][39m [90m{"using":"-android uiautomator","value":"new UiSelector().className(\"android.widget.ImageView\").resourceId(\"android:id/icon\")"}[39m
[35m[HTTP][39m [37m<-- POST /wd/hub/session/a4f56f2b-0057-4144-9a37-7b3e26e1c805/elements [39m[32m200[39m [90m144 ms - 267[39m
[35m[HTTP][39m [90m[39m
[35m[HTTP][39m [37m-->[39m [37mGET[39m [37m/wd/hub/session/a4f56f2b-0057-4144-9a37-7b3e26e1c805/window/rect[39m
[35m[HTTP][39m [90m{}[39m
[35m[HTTP][39m [37m<-- GET /wd/hub/session/a4f56f2b-0057-4144-9a37-7b3e26e1c805/window/rect [39m[32m200[39m [90m15 ms - 50[39m
[35m[HTTP][39m [90m[39m
[35m[HTTP][39m [37m-->[39m [37mPOST[39m [37m/wd/hub/session/a4f56f2b-0057-4144-9a37-7b3e26e1c805/elements[39m
[35m[HTTP][39m [90m{"using":"xpath","value":"//hierarchy/android.widget.FrameLayout[1]/android.widget.LinearLayout[1]/android.widget.FrameLayout[1]/android.widget.LinearLayout[1]/android.widget.FrameLayout[2]/android.widget.FrameLayout[1]/android.widget.ScrollView[1]/android.widget.LinearLayout[1]/android.view.ViewGroup[1]/android.widget.GridView[1]/android.widget.LinearLayout[1]/android.widget.FrameLayout[1]/android.widget.ImageView[1]"}[39m
[35m[HTTP][39m [37m<-- POST /wd/hub/session/a4f56f2b-0057-4144-9a37-7b3e26e1c805/elements [39m[32m200[39m [90m54 ms - 139[39m
[35m[HTTP][39m [90m[39m
[35m[HTTP][39m [37m-->[39m [37mGET[39m [37m/wd/hub/session/a4f56f2b-0057-4144-9a37-7b3e26e1c805/element/00000000-0000-001e-ffff-ffff00000059/location[39m
[35m[HTTP][39m [90m{}[39m
[35m[W3C (a4f56f2b)][39m Driver proxy active, passing request on via HTTP proxy
[35m[WD Proxy][39m Replacing sessionId 7558b998-2bbd-46b1-a714-372d412c0da4 with a4f56f2b-0057-4144-9a37-7b3e26e1c805
[35m[HTTP][39m [37m<-- GET /wd/hub/session/a4f56f2b-0057-4144-9a37-7b3e26e1c805/element/00000000-0000-001e-ffff-ffff00000059/location [39m[32m200[39m [90m19 ms - 79[39m
[35m[HTTP][39m [90m[39m
[35m[HTTP][39m [37m-->[39m [37mPOST[39m [37m/wd/hub/session/a4f56f2b-0057-4144-9a37-7b3e26e1c805/element/00000000-0000-001e-ffff-ffff00000059/click[39m
[35m[HTTP][39m [90m{"id":"00000000-0000-001e-ffff-ffff00000059"}[39m
[35m[HTTP][39m [37m<-- POST /wd/hub/session/a4f56f2b-0057-4144-9a37-7b3e26e1c805/element/00000000-0000-001e-ffff-ffff00000059/click [39m[32m200[39m [90m674 ms - 14[39m
[35m[HTTP][39m [90m[39m
[35m[HTTP][39m [37m-->[39m [37mGET[39m [37m/wd/hub/session/a4f56f2b-0057-4144-9a37-7b3e26e1c805/source[39m
[35m[HTTP][39m [90m{}[39m
[35m[W3C (a4f56f2b)][39m Driver proxy active, passing request on via HTTP proxy
[35m[WD Proxy][39m Replacing sessionId 7558b998-2bbd-46b1-a714-372d412c0da4 with a4f56f2b-0057-4144-9a37-7b3e26e1c805
[35m[HTTP][39m [37m<-- GET /wd/hub/session/a4f56f2b-0057-4144-9a37-7b3e26e1c805/source [39m[32m200[39m [90m1399 ms - 13573[39m
[35m[HTTP][39m [90m[39m
[35m[HTTP][39m [37m-->[39m [37mGET[39m [37m/wd/hub/session/a4f56f2b-0057-4144-9a37-7b3e26e1c805/screenshot[39m
[35m[HTTP][39m [90m{}[39m
[35m[HTTP][39m [37m<-- GET /wd/hub/session/a4f56f2b-0057-4144-9a37-7b3e26e1c805/screenshot [39m[32m200[39m [90m670 ms - 75616[39m
[35m[HTTP][39m [90m[39m
[35m[HTTP][39m [37m-->[39m [37mGET[39m [37m/wd/hub/session/a4f56f2b-0057-4144-9a37-7b3e26e1c805/source[39m
[35m[HTTP][39m [90m{}[39m
[35m[W3C (a4f56f2b)][39m Driver proxy active, passing request on via HTTP proxy
[35m[WD Proxy][39m Replacing sessionId 7558b998-2bbd-46b1-a714-372d412c0da4 with a4f56f2b-0057-4144-9a37-7b3e26e1c805
[35m[HTTP][39m [37m<-- GET /wd/hub/session/a4f56f2b-0057-4144-9a37-7b3e26e1c805/source [39m[32m200[39m [90m209 ms - 40887[39m
[35m[HTTP][39m [90m[39m
[35m[HTTP][39m [37m-->[39m [37mGET[39m [37m/wd/hub/session/a4f56f2b-0057-4144-9a37-7b3e26e1c805/screenshot[39m
[35m[HTTP][39m [90m{}[39m
[35m[HTTP][39m [37m<-- GET /wd/hub/session/a4f56f2b-0057-4144-9a37-7b3e26e1c805/screenshot [39m[32m200[39m [90m558 ms - 102826[39m
[35m[HTTP][39m [90m[39m
[35m[HTTP][39m [37m-->[39m [37mPOST[39m [37m/wd/hub/session/a4f56f2b-0057-4144-9a37-7b3e26e1c805/elements[39m
[35m[HTTP][39m [90m{"using":"xpath","value":"//*[@class = 'android.widget.TextView' and (@text = 'ABOUT' or . = 'ABOUT')]"}[39m
[35m[HTTP][39m [37m<-- POST /wd/hub/session/a4f56f2b-0057-4144-9a37-7b3e26e1c805/elements [39m[32m200[39m [90m171 ms - 139[39m
[35m[HTTP][39m [90m[39m
[35m[HTTP][39m [37m-->[39m [37mGET[39m [37m/wd/hub/session/a4f56f2b-0057-4144-9a37-7b3e26e1c805/window/rect[39m
[35m[HTTP][39m [90m{}[39m
[35m[HTTP][39m [37m<-- GET /wd/hub/session/a4f56f2b-0057-4144-9a37-7b3e26e1c805/window/rect [39m[32m200[39m [90m22 ms - 50[39m
[35m[HTTP][39m [90m[39m
[35m[HTTP][39m [37m-->[39m [37mPOST[39m [37m/wd/hub/session/a4f56f2b-0057-4144-9a37-7b3e26e1c805/elements[39m
[35m[HTTP][39m [90m{"using":"xpath","value":"//*[@class = 'android.widget.TextView' and (@text = 'ABOUT' or . = 'ABOUT')]"}[39m
[35m[HTTP][39m [37m<-- POST /wd/hub/session/a4f56f2b-0057-4144-9a37-7b3e26e1c805/elements [39m[32m200[39m [90m193 ms - 139[39m
[35m[HTTP][39m [90m[39m
[35m[HTTP][39m [37m-->[39m [37mGET[39m [37m/wd/hub/session/a4f56f2b-0057-4144-9a37-7b3e26e1c805/element/00000000-0000-001d-ffff-ffff0000001c/location[39m
[35m[HTTP][39m [90m{}[39m
[35m[W3C (a4f56f2b)][39m Driver proxy active, passing request on via HTTP proxy
[35m[WD Proxy][39m Replacing sessionId 7558b998-2bbd-46b1-a714-372d412c0da4 with a4f56f2b-0057-4144-9a37-7b3e26e1c805
[35m[HTTP][39m [37m<-- GET /wd/hub/session/a4f56f2b-0057-4144-9a37-7b3e26e1c805/element/00000000-0000-001d-ffff-ffff0000001c/location [39m[32m200[39m [90m41 ms - 78[39m
[35m[HTTP][39m [90m[39m
[35m[HTTP][39m [37m-->[39m [37mPOST[39m [37m/wd/hub/session/a4f56f2b-0057-4144-9a37-7b3e26e1c805/element/00000000-0000-001d-ffff-ffff0000001c/click[39m
[35m[HTTP][39m [90m{"id":"00000000-0000-001d-ffff-ffff0000001c"}[39m
[35m[HTTP][39m [37m<-- POST /wd/hub/session/a4f56f2b-0057-4144-9a37-7b3e26e1c805/element/00000000-0000-001d-ffff-ffff0000001c/click [39m[32m200[39m [90m112 ms - 14[39m
[35m[HTTP][39m [90m[39m
[35m[HTTP][39m [37m-->[39m [37mGET[39m [37m/wd/hub/session/a4f56f2b-0057-4144-9a37-7b3e26e1c805/source[39m
[35m[HTTP][39m [90m{}[39m
[35m[W3C (a4f56f2b)][39m Driver proxy active, passing request on via HTTP proxy
[35m[WD Proxy][39m Replacing sessionId 7558b998-2bbd-46b1-a714-372d412c0da4 with a4f56f2b-0057-4144-9a37-7b3e26e1c805
[35m[HTTP][39m [37m<-- GET /wd/hub/session/a4f56f2b-0057-4144-9a37-7b3e26e1c805/source [39m[32m200[39m [90m363 ms - 15435[39m
[35m[HTTP][39m [90m[39m
[35m[HTTP][39m [37m-->[39m [37mGET[39m [37m/wd/hub/session/a4f56f2b-0057-4144-9a37-7b3e26e1c805/screenshot[39m
[35m[HTTP][39m [90m{}[39m
[35m[HTTP][39m [37m<-- GET /wd/hub/session/a4f56f2b-0057-4144-9a37-7b3e26e1c805/screenshot [39m[32m200[39m [90m370 ms - 167886[39m
[35m[HTTP][39m [90m[39m
[35m[HTTP][39m [37m-->[39m [37mPOST[39m [37m/wd/hub/session/a4f56f2b-0057-4144-9a37-7b3e26e1c805/elements[39m
[35m[HTTP][39m [90m{"using":"xpath","value":"//*[@class = 'android.widget.ImageView' and @resource-id = 'android:id/icon' and (@text = '' or . = '')]"}[39m
[35m[HTTP][39m [37m<-- POST /wd/hub/session/a4f56f2b-0057-4144-9a37-7b3e26e1c805/elements [39m[32m200[39m [90m377 ms - 267[39m
[35m[HTTP][39m [90m[39m
[35m[HTTP][39m [37m-->[39m [37mPOST[39m [37m/wd/hub/session/a4f56f2b-0057-4144-9a37-7b3e26e1c805/elements[39m
[35m[HTTP][39m [90m{"using":"id","value":"android:id/icon"}[39m
[35m[HTTP][39m [37m<-- POST /wd/hub/session/a4f56f2b-0057-4144-9a37-7b3e26e1c805/elements [39m[32m200[39m [90m27 ms - 267[39m
[35m[HTTP][39m [90m[39m
[35m[HTTP][39m [37m-->[39m [37mPOST[39m [37m/wd/hub/session/a4f56f2b-0057-4144-9a37-7b3e26e1c805/elements[39m
[35m[HTTP][39m [90m{"using":"-android uiautomator","value":"new UiSelector().className(\"android.widget.ImageView\").resourceId(\"android:id/icon\")"}[39m
[35m[HTTP][39m [37m<-- POST /wd/hub/session/a4f56f2b-0057-4144-9a37-7b3e26e1c805/elements [39m[32m200[39m [90m643 ms - 267[39m
[35m[HTTP][39m [90m[39m
[35m[HTTP][39m [37m-->[39m [37mGET[39m [37m/wd/hub/session/a4f56f2b-0057-4144-9a37-7b3e26e1c805/window/rect[39m
[35m[HTTP][39m [90m{}[39m
[35m[HTTP][39m [37m<-- GET /wd/hub/session/a4f56f2b-0057-4144-9a37-7b3e26e1c805/window/rect [39m[32m200[39m [90m20 ms - 50[39m
[35m[HTTP][39m [90m[39m
[35m[HTTP][39m [37m-->[39m [37mPOST[39m [37m/wd/hub/session/a4f56f2b-0057-4144-9a37-7b3e26e1c805/elements[39m
[35m[HTTP][39m [90m{"using":"xpath","value":"//hierarchy/android.widget.FrameLayout[1]/android.widget.LinearLayout[1]/android.widget.FrameLayout[1]/android.widget.LinearLayout[1]/android.widget.FrameLayout[2]/android.widget.FrameLayout[1]/android.widget.ScrollView[1]/android.widget.LinearLayout[1]/android.view.ViewGroup[1]/android.widget.GridView[1]/android.widget.LinearLayout[2]/android.widget.FrameLayout[1]/android.widget.ImageView[1]"}[39m
[35m[HTTP][39m [37m<-- POST /wd/hub/session/a4f56f2b-0057-4144-9a37-7b3e26e1c805/elements [39m[32m200[39m [90m90 ms - 139[39m
[35m[HTTP][39m [90m[39m
[35m[HTTP][39m [37m-->[39m [37mGET[39m [37m/wd/hub/session/a4f56f2b-0057-4144-9a37-7b3e26e1c805/element/00000000-0000-0022-ffff-ffff000000c1/location[39m
[35m[HTTP][39m [90m{}[39m
[35m[W3C (a4f56f2b)][39m Driver proxy active, passing request on via HTTP proxy
[35m[WD Proxy][39m Replacing sessionId 7558b998-2bbd-46b1-a714-372d412c0da4 with a4f56f2b-0057-4144-9a37-7b3e26e1c805
[35m[HTTP][39m [37m<-- GET /wd/hub/session/a4f56f2b-0057-4144-9a37-7b3e26e1c805/element/00000000-0000-0022-ffff-ffff000000c1/location [39m[32m200[39m [90m19 ms - 79[39m
[35m[HTTP][39m [90m[39m
[35m[HTTP][39m [37m-->[39m [37mPOST[39m [37m/wd/hub/session/a4f56f2b-0057-4144-9a37-7b3e26e1c805/element/00000000-0000-0022-ffff-ffff000000c1/click[39m
[35m[HTTP][39m [90m{"id":"00000000-0000-0022-ffff-ffff000000c1"}[39m
[35m[HTTP][39m [37m<-- POST /wd/hub/session/a4f56f2b-0057-4144-9a37-7b3e26e1c805/element/00000000-0000-0022-ffff-ffff000000c1/click [39m[32m200[39m [90m794 ms - 14[39m
[35m[HTTP][39m [90m[39m
[35m[HTTP][39m [37m-->[39m [37mGET[39m [37m/wd/hub/session/a4f56f2b-0057-4144-9a37-7b3e26e1c805/source[39m
[35m[HTTP][39m [90m{}[39m
[35m[W3C (a4f56f2b)][39m Driver proxy active, passing request on via HTTP proxy
[35m[WD Proxy][39m Replacing sessionId 7558b998-2bbd-46b1-a714-372d412c0da4 with a4f56f2b-0057-4144-9a37-7b3e26e1c805
[35m[HTTP][39m [37m<-- GET /wd/hub/session/a4f56f2b-0057-4144-9a37-7b3e26e1c805/source [39m[32m200[39m [90m85 ms - 15437[39m
[35m[HTTP][39m [90m[39m
[35m[HTTP][39m [37m-->[39m [37mGET[39m [37m/wd/hub/session/a4f56f2b-0057-4144-9a37-7b3e26e1c805/screenshot[39m
[35m[HTTP][39m [90m{}[39m
[35m[HTTP][39m [37m<-- GET /wd/hub/session/a4f56f2b-0057-4144-9a37-7b3e26e1c805/screenshot [39m[32m200[39m [90m444 ms - 195448[39m
[35m[HTTP][39m [90m[39m
[35m[HTTP][39m [37m-->[39m [37mPOST[39m [37m/wd/hub/session/a4f56f2b-0057-4144-9a37-7b3e26e1c805/elements[39m
[35m[HTTP][39m [90m{"using":"xpath","value":"//*[@class = 'android.widget.ImageView' and @resource-id = 'android:id/icon' and (@text = '' or . = '')]"}[39m
[35m[HTTP][39m [37m<-- POST /wd/hub/session/a4f56f2b-0057-4144-9a37-7b3e26e1c805/elements [39m[32m200[39m [90m771 ms - 267[39m
[35m[HTTP][39m [90m[39m
[35m[HTTP][39m [37m-->[39m [37mPOST[39m [37m/wd/hub/session/a4f56f2b-0057-4144-9a37-7b3e26e1c805/elements[39m
[35m[HTTP][39m [90m{"using":"id","value":"android:id/icon"}[39m
[35m[HTTP][39m [37m<-- POST /wd/hub/session/a4f56f2b-0057-4144-9a37-7b3e26e1c805/elements [39m[32m200[39m [90m27 ms - 267[39m
[35m[HTTP][39m [90m[39m
[35m[HTTP][39m [37m-->[39m [37mPOST[39m [37m/wd/hub/session/a4f56f2b-0057-4144-9a37-7b3e26e1c805/elements[39m
[35m[HTTP][39m [90m{"using":"-android uiautomator","value":"new UiSelector().className(\"android.widget.ImageView\").resourceId(\"android:id/icon\")"}[39m
[35m[HTTP][39m [37m<-- POST /wd/hub/session/a4f56f2b-0057-4144-9a37-7b3e26e1c805/elements [39m[32m200[39m [90m38 ms - 267[39m
[35m[HTTP][39m [90m[39m
[35m[HTTP][39m [37m-->[39m [37mGET[39m [37m/wd/hub/session/a4f56f2b-0057-4144-9a37-7b3e26e1c805/window/rect[39m
[35m[HTTP][39m [90m{}[39m
[35m[HTTP][39m [37m<-- GET /wd/hub/session/a4f56f2b-0057-4144-9a37-7b3e26e1c805/window/rect [39m[32m200[39m [90m12 ms - 50[39m
[35m[HTTP][39m [90m[39m
[35m[HTTP][39m [37m-->[39m [37mPOST[39m [37m/wd/hub/session/a4f56f2b-0057-4144-9a37-7b3e26e1c805/elements[39m
[35m[HTTP][39m [90m{"using":"xpath","value":"//hierarchy/android.widget.FrameLayout[1]/android.widget.LinearLayout[1]/android.widget.FrameLayout[1]/android.widget.LinearLayout[1]/android.widget.FrameLayout[2]/android.widget.FrameLayout[1]/android.widget.ScrollView[1]/android.widget.LinearLayout[1]/android.view.ViewGroup[1]/android.widget.GridView[1]/android.widget.LinearLayout[2]/android.widget.FrameLayout[1]/android.widget.ImageView[1]"}[39m
[35m[HTTP][39m [37m<-- POST /wd/hub/session/a4f56f2b-0057-4144-9a37-7b3e26e1c805/elements [39m[32m200[39m [90m42 ms - 139[39m
[35m[HTTP][39m [90m[39m
[35m[HTTP][39m [37m-->[39m [37mGET[39m [37m/wd/hub/session/a4f56f2b-0057-4144-9a37-7b3e26e1c805/element/00000000-0000-0022-ffff-ffff000000db/location[39m
[35m[HTTP][39m [90m{}[39m
[35m[W3C (a4f56f2b)][39m Driver proxy active, passing request on via HTTP proxy
[35m[WD Proxy][39m Replacing sessionId 7558b998-2bbd-46b1-a714-372d412c0da4 with a4f56f2b-0057-4144-9a37-7b3e26e1c805
[35m[HTTP][39m [37m<-- GET /wd/hub/session/a4f56f2b-0057-4144-9a37-7b3e26e1c805/element/00000000-0000-0022-ffff-ffff000000db/location [39m[32m200[39m [90m20 ms - 79[39m
[35m[HTTP][39m [90m[39m
[35m[HTTP][39m [37m-->[39m [37mPOST[39m [37m/wd/hub/session/a4f56f2b-0057-4144-9a37-7b3e26e1c805/element/00000000-0000-0022-ffff-ffff000000db/click[39m
[35m[HTTP][39m [90m{"id":"00000000-0000-0022-ffff-ffff000000db"}[39m
[35m[HTTP][39m [37m<-- POST /wd/hub/session/a4f56f2b-0057-4144-9a37-7b3e26e1c805/element/00000000-0000-0022-ffff-ffff000000db/click [39m[32m200[39m [90m1342 ms - 14[39m
[35m[HTTP][39m [90m[39m
[35m[HTTP][39m [37m-->[39m [37mGET[39m [37m/wd/hub/session/a4f56f2b-0057-4144-9a37-7b3e26e1c805/source[39m
[35m[HTTP][39m [90m{}[39m
[35m[W3C (a4f56f2b)][39m Driver proxy active, passing request on via HTTP proxy
[35m[WD Proxy][39m Replacing sessionId 7558b998-2bbd-46b1-a714-372d412c0da4 with a4f56f2b-0057-4144-9a37-7b3e26e1c805
[35m[HTTP][39m [37m<-- GET /wd/hub/session/a4f56f2b-0057-4144-9a37-7b3e26e1c805/source [39m[32m200[39m [90m1720 ms - 19372[39m
[35m[HTTP][39m [90m[39m
[35m[HTTP][39m [37m-->[39m [37mGET[39m [37m/wd/hub/session/a4f56f2b-0057-4144-9a37-7b3e26e1c805/screenshot[39m
[35m[HTTP][39m [90m{}[39m
[35m[HTTP][39m [37m<-- GET /wd/hub/session/a4f56f2b-0057-4144-9a37-7b3e26e1c805/screenshot [39m[32m200[39m [90m662 ms - 744584[39m
[35m[HTTP][39m [90m[39m
[35m[HTTP][39m [37m-->[39m [37mPOST[39m [37m/wd/hub/session/a4f56f2b-0057-4144-9a37-7b3e26e1c805/elements[39m
[35m[HTTP][39m [90m{"using":"xpath","value":"//*[@class = 'android.widget.TextView' and (@text = 'Website and mobile testing at every stage of development' or . = 'Website and mobile testing at every stage of development')]"}[39m
[35m[HTTP][39m [37m<-- POST /wd/hub/session/a4f56f2b-0057-4144-9a37-7b3e26e1c805/elements [39m[32m200[39m [90m629 ms - 139[39m
[35m[HTTP][39m [90m[39m
[35m[HTTP][39m [37m-->[39m [37mGET[39m [37m/wd/hub/session/a4f56f2b-0057-4144-9a37-7b3e26e1c805/window/rect[39m
[35m[HTTP][39m [90m{}[39m
[35m[HTTP][39m [37m<-- GET /wd/hub/session/a4f56f2b-0057-4144-9a37-7b3e26e1c805/window/rect [39m[32m200[39m [90m12 ms - 50[39m
[35m[HTTP][39m [90m[39m
[35m[HTTP][39m [37m-->[39m [37mPOST[39m [37m/wd/hub/session/a4f56f2b-0057-4144-9a37-7b3e26e1c805/elements[39m
[35m[HTTP][39m [90m{"using":"xpath","value":"//*[@class = 'android.widget.TextView' and (@text = 'Website and mobile testing at every stage of development' or . = 'Website and mobile testing at every stage of development')]"}[39m
[35m[HTTP][39m [37m<-- POST /wd/hub/session/a4f56f2b-0057-4144-9a37-7b3e26e1c805/elements [39m[32m200[39m [90m8828 ms - 139[39m
[35m[HTTP][39m [90m[39m
[35m[HTTP][39m [37m-->[39m [37mGET[39m [37m/wd/hub/session/a4f56f2b-0057-4144-9a37-7b3e26e1c805/element/00000000-0000-0024-0000-08530000005c/location[39m
[35m[HTTP][39m [90m{}[39m
[35m[W3C (a4f56f2b)][39m Driver proxy active, passing request on via HTTP proxy
[35m[WD Proxy][39m Replacing sessionId 7558b998-2bbd-46b1-a714-372d412c0da4 with a4f56f2b-0057-4144-9a37-7b3e26e1c805
[35m[HTTP][39m [37m<-- GET /wd/hub/session/a4f56f2b-0057-4144-9a37-7b3e26e1c805/element/00000000-0000-0024-0000-08530000005c/location [39m[32m200[39m [90m26 ms - 78[39m
[35m[HTTP][39m [90m[39m
[35m[HTTP][39m [37m-->[39m [37mPOST[39m [37m/wd/hub/session/a4f56f2b-0057-4144-9a37-7b3e26e1c805/element/00000000-0000-0024-0000-08530000005c/click[39m
[35m[HTTP][39m [90m{"id":"00000000-0000-0024-0000-08530000005c"}[39m
[35m[HTTP][39m [37m<-- POST /wd/hub/session/a4f56f2b-0057-4144-9a37-7b3e26e1c805/element/00000000-0000-0024-0000-08530000005c/click [39m[32m200[39m [90m76 ms - 14[39m
[35m[HTTP][39m [90m[39m
[35m[HTTP][39m [37m-->[39m [37mGET[39m [37m/wd/hub/session/a4f56f2b-0057-4144-9a37-7b3e26e1c805/source[39m
[35m[HTTP][39m [90m{}[39m
[35m[W3C (a4f56f2b)][39m Driver proxy active, passing request on via HTTP proxy
[35m[WD Proxy][39m Replacing sessionId 7558b998-2bbd-46b1-a714-372d412c0da4 with a4f56f2b-0057-4144-9a37-7b3e26e1c805
[35m[HTTP][39m [37m<-- GET /wd/hub/session/a4f56f2b-0057-4144-9a37-7b3e26e1c805/source [39m[32m200[39m [90m973 ms - 17327[39m
[35m[HTTP][39m [90m[39m
[35m[HTTP][39m [37m-->[39m [37mGET[39m [37m/wd/hub/session/a4f56f2b-0057-4144-9a37-7b3e26e1c805/screenshot[39m
[35m[HTTP][39m [90m{}[39m
[35m[HTTP][39m [37m<-- GET /wd/hub/session/a4f56f2b-0057-4144-9a37-7b3e26e1c805/screenshot [39m[32m200[39m [90m717 ms - 752228[39m
[35m[HTTP][39m [90m[39m
[35m[HTTP][39m [37m-->[39m [37mDELETE[39m [37m/wd/hub/session/a4f56f2b-0057-4144-9a37-7b3e26e1c805[39m
[35m[HTTP][39m [90m{}[39m
[35m[Appium][39m Removing session a4f56f2b-0057-4144-9a37-7b3e26e1c805 from our master session list
[35m[UiAutomator2][39m Restoring hidden api policy to the device default configuration
[35m[HTTP][39m [37m<-- DELETE /wd/hub/session/a4f56f2b-0057-4144-9a37-7b3e26e1c805 [39m[32m200[39m [90m895 ms - 14[39m
[35m[HTTP][39m [90m[39m
